<?xml version="1.0" encoding="UTF-8"?>
<testng-results ignored="0" total="1" passed="1" failed="0" skipped="0">
  <reporter-output>
  </reporter-output>
  <suite started-at="2026-01-07T10:25:16 IST" name="Default suite" finished-at="2026-01-07T10:26:54 IST" duration-ms="98191">
    <groups>
    </groups>
    <test started-at="2026-01-07T10:25:16 IST" name="Default test" finished-at="2026-01-07T10:26:54 IST" duration-ms="98191">
      <class name="artist.TopSongs">
        <test-method is-config="true" signature="connectToDB()[pri:0, instance:artist.TopSongs@28261e8e]" started-at="2026-01-07T10:25:15 IST" name="connectToDB" finished-at="2026-01-07T10:25:16 IST" duration-ms="790" status="PASS">
          <reporter-output>
          </reporter-output>
        </test-method> <!-- connectToDB -->
        <test-method is-config="true" signature="launchBrowser()[pri:0, instance:artist.TopSongs@28261e8e]" started-at="2026-01-07T10:25:16 IST" name="launchBrowser" finished-at="2026-01-07T10:25:36 IST" duration-ms="20100" status="PASS">
          <reporter-output>
          </reporter-output>
        </test-method> <!-- launchBrowser -->
        <test-method is-config="true" signature="loginToApp()[pri:0, instance:artist.TopSongs@28261e8e]" started-at="2026-01-07T10:25:36 IST" name="loginToApp" finished-at="2026-01-07T10:26:12 IST" duration-ms="36515" status="PASS">
          <reporter-output>
          </reporter-output>
        </test-method> <!-- loginToApp -->
        <test-method signature="TopSongs()[pri:0, instance:artist.TopSongs@28261e8e]" started-at="2026-01-07T10:26:12 IST" name="TopSongs" finished-at="2026-01-07T10:26:54 IST" duration-ms="41401" status="PASS">
          <reporter-output>
          </reporter-output>
        </test-method> <!-- TopSongs -->
        <test-method is-config="true" signature="logoutOfApp()[pri:0, instance:artist.TopSongs@28261e8e]" started-at="2026-01-07T10:26:54 IST" name="logoutOfApp" finished-at="2026-01-07T10:26:54 IST" duration-ms="3" status="PASS">
          <reporter-output>
          </reporter-output>
        </test-method> <!-- logoutOfApp -->
        <test-method is-config="true" signature="closeBrowser()[pri:0, instance:artist.TopSongs@28261e8e]" started-at="2026-01-07T10:26:54 IST" name="closeBrowser" finished-at="2026-01-07T10:26:54 IST" duration-ms="1" status="PASS">
          <reporter-output>
          </reporter-output>
        </test-method> <!-- closeBrowser -->
        <test-method is-config="true" signature="disconnectToDB()[pri:0, instance:artist.TopSongs@28261e8e]" started-at="2026-01-07T10:26:54 IST" name="disconnectToDB" finished-at="2026-01-07T10:26:54 IST" duration-ms="36" status="PASS">
          <reporter-output>
          </reporter-output>
        </test-method> <!-- disconnectToDB -->
      </class> <!-- artist.TopSongs -->
    </test> <!-- Default test -->
  </suite> <!-- Default suite -->
</testng-results>
